This file contains any messages produced by compilers while
running configure, to aid debugging if configure makes a mistake.

It was created by configure, which was
generated by GNU Autoconf 2.69.  Invocation command line was

  $ ./configure 

## --------- ##
## Platform. ##
## --------- ##

hostname = macbook-pro
uname -m = x86_64
uname -r = 13.2.0
uname -s = Darwin
uname -v = Darwin Kernel Version 13.2.0: Thu Apr 17 23:03:13 PDT 2014; root:xnu-2422.100.13~1/RELEASE_X86_64

/usr/bin/uname -p = i386
/bin/uname -X     = unknown

/bin/arch              = unknown
/usr/bin/arch -k       = unknown
/usr/convex/getsysinfo = unknown
/usr/bin/hostinfo      = Mach kernel version:
	 Darwin Kernel Version 13.2.0: Thu Apr 17 23:03:13 PDT 2014; root:xnu-2422.100.13~1/RELEASE_X86_64
Kernel configured for up to 4 processors.
2 processors are physically available.
4 processors are logically available.
Processor type: i486 (Intel 80486)
Processors active: 0 1 2 3
Primary memory available: 8.00 gigabytes
Default processor set: 222 tasks, 1070 threads, 4 processors
Load average: 6.42, Mach factor: 0.69
/bin/machine           = unknown
/usr/bin/oslevel       = unknown
/bin/universe          = unknown

PATH: /usr/local/bin
PATH: /usr/local/sbin
PATH: /usr/bin
PATH: /bin
PATH: /usr/sbin
PATH: /sbin
PATH: /usr/local/bin
PATH: /usr/local/ubin
PATH: /usr/local/etc/init.d


## ----------- ##
## Core tests. ##
## ----------- ##

configure:2340: checking for grep that handles long lines and -e
configure:2398: result: /usr/bin/grep
configure:2403: checking for egrep
configure:2465: result: /usr/bin/grep -E
configure:2470: checking for a sed that does not truncate output
configure:2524: result: /usr/bin/sed
configure:2656: checking for cc
configure:2672: found /usr/bin/cc
configure:2683: result: cc
configure:2714: checking for C compiler version
configure:2723: cc --version >&5
Apple LLVM version 5.0 (clang-500.2.79) (based on LLVM 3.3svn)
Target: x86_64-apple-darwin13.2.0
Thread model: posix
configure:2734: $? = 0
configure:2723: cc -v >&5
Apple LLVM version 5.0 (clang-500.2.79) (based on LLVM 3.3svn)
Target: x86_64-apple-darwin13.2.0
Thread model: posix
configure:2734: $? = 0
configure:2723: cc -V >&5
clang: error: argument to '-V' is missing (expected 1 value)
clang: error: no input files
configure:2734: $? = 1
configure:2723: cc -qversion >&5
clang: error: no input files
configure:2734: $? = 1
configure:2754: checking whether the C compiler works
configure:2776: cc    conftest.c  >&5
configure:2780: $? = 0
configure:2828: result: yes
configure:2831: checking for C compiler default output file name
configure:2833: result: a.out
configure:2839: checking for suffix of executables
configure:2846: cc -o conftest    conftest.c  >&5
configure:2850: $? = 0
configure:2872: result: 
configure:2894: checking whether we are cross compiling
configure:2902: cc -o conftest    conftest.c  >&5
configure:2906: $? = 0
configure:2913: ./conftest
configure:2917: $? = 0
configure:2932: result: no
configure:2937: checking for suffix of object files
configure:2959: cc -c   conftest.c >&5
configure:2963: $? = 0
configure:2984: result: o
configure:2988: checking whether we are using the GNU C compiler
configure:3007: cc -c   conftest.c >&5
configure:3007: $? = 0
configure:3016: result: yes
configure:3025: checking whether cc accepts -g
configure:3045: cc -c -g  conftest.c >&5
configure:3045: $? = 0
configure:3086: result: yes
configure:3103: checking for cc option to accept ISO C89
configure:3166: cc  -c -g -O2  conftest.c >&5
configure:3166: $? = 0
configure:3179: result: none needed
configure:3205: checking how to run the C preprocessor
configure:3236: cc -E  conftest.c
configure:3236: $? = 0
configure:3250: cc -E  conftest.c
conftest.c:9:10: fatal error: 'ac_nonexistent.h' file not found
#include <ac_nonexistent.h>
         ^
1 error generated.
configure:3250: $? = 1
configure: failed program was:
| /* confdefs.h */
| #define PACKAGE_NAME ""
| #define PACKAGE_TARNAME ""
| #define PACKAGE_VERSION ""
| #define PACKAGE_STRING ""
| #define PACKAGE_BUGREPORT ""
| #define PACKAGE_URL ""
| /* end confdefs.h.  */
| #include <ac_nonexistent.h>
configure:3275: result: cc -E
configure:3295: cc -E  conftest.c
configure:3295: $? = 0
configure:3309: cc -E  conftest.c
conftest.c:9:10: fatal error: 'ac_nonexistent.h' file not found
#include <ac_nonexistent.h>
         ^
1 error generated.
configure:3309: $? = 1
configure: failed program was:
| /* confdefs.h */
| #define PACKAGE_NAME ""
| #define PACKAGE_TARNAME ""
| #define PACKAGE_VERSION ""
| #define PACKAGE_STRING ""
| #define PACKAGE_BUGREPORT ""
| #define PACKAGE_URL ""
| /* end confdefs.h.  */
| #include <ac_nonexistent.h>
configure:3340: checking for icc
configure:3349: result: no
configure:3363: checking for suncc
configure:3372: result: no
configure:3390: checking whether cc understands -c and -o together
configure:3418: cc -c conftest.c -o conftest2.o >&5
configure:3422: $? = 0
configure:3428: cc -c conftest.c -o conftest2.o >&5
configure:3432: $? = 0
configure:3487: result: yes
configure:3501: checking for system library directory
configure:3516: result: lib
configure:3523: checking if compiler supports -R
configure:3542: cc -o conftest -g -O2   conftest.c -R /usr/lib  >&5
clang: warning: argument unused during compilation: '-R'
ld: can't map file, errno=22 file '/usr/lib' for architecture x86_64
clang: error: linker command failed with exit code 1 (use -v to see invocation)
configure:3542: $? = 1
configure: failed program was:
| /* confdefs.h */
| #define PACKAGE_NAME ""
| #define PACKAGE_TARNAME ""
| #define PACKAGE_VERSION ""
| #define PACKAGE_STRING ""
| #define PACKAGE_BUGREPORT ""
| #define PACKAGE_URL ""
| /* end confdefs.h.  */
| 
| int
| main ()
| {
| 
|   ;
|   return 0;
| }
configure:3552: result: no
configure:3557: checking if compiler supports -Wl,-rpath,
configure:3576: cc -o conftest -g -O2   conftest.c -Wl,-rpath,/usr/lib  >&5
configure:3576: $? = 0
configure:3586: result: yes
configure:3631: checking build system type
configure:3645: result: x86_64-apple-darwin13.2.0
configure:3665: checking host system type
configure:3678: result: x86_64-apple-darwin13.2.0
configure:3698: checking target system type
configure:3711: result: x86_64-apple-darwin13.2.0
configure:3814: checking for PHP prefix
configure:3816: result: /usr/local/Cellar/php55/5.5.11
configure:3818: checking for PHP includes
configure:3820: result: -I/usr/local/Cellar/php55/5.5.11/include/php -I/usr/local/Cellar/php55/5.5.11/include/php/main -I/usr/local/Cellar/php55/5.5.11/include/php/TSRM -I/usr/local/Cellar/php55/5.5.11/include/php/Zend -I/usr/local/Cellar/php55/5.5.11/include/php/ext -I/usr/local/Cellar/php55/5.5.11/include/php/ext/date/lib
configure:3822: checking for PHP extension directory
configure:3824: result: /usr/local/Cellar/php55/5.5.11/lib/php/extensions/no-debug-non-zts-20121212
configure:3826: checking for PHP installed headers prefix
configure:3828: result: /usr/local/Cellar/php55/5.5.11/include/php
configure:3831: checking if debug is enabled
configure:3857: result: no
configure:3860: checking if zts is enabled
configure:3886: result: no
configure:3957: checking for re2c
configure:3973: found /usr/local/bin/re2c
configure:3984: result: re2c
configure:3993: checking for re2c version
configure:4007: result: 0.13.6 (ok)
configure:4026: checking for gawk
configure:4057: result: no
configure:4026: checking for nawk
configure:4057: result: no
configure:4026: checking for awk
configure:4043: found /usr/bin/awk
configure:4054: result: awk
configure:4077: checking if awk is broken
configure:4084: result: no
configure:4097: checking whether to enable ouchbase
configure:4136: result: yes, shared
configure:4455: checking whether HAVE_BUNDLED_PCRE is declared
configure:4455: cc -c -g -O2  -I/usr/local/Cellar/php55/5.5.11/include/php -I/usr/local/Cellar/php55/5.5.11/include/php/main -I/usr/local/Cellar/php55/5.5.11/include/php/TSRM -I/usr/local/Cellar/php55/5.5.11/include/php/Zend -I/usr/local/Cellar/php55/5.5.11/include/php/ext -I/usr/local/Cellar/php55/5.5.11/include/php/ext/date/lib conftest.c >&5
configure:4455: $? = 0
configure:4455: result: yes
configure:4462: checking for ext/pcre/php_pcre.h
configure:4462: cc -c -g -O2  -I/usr/local/Cellar/php55/5.5.11/include/php -I/usr/local/Cellar/php55/5.5.11/include/php/main -I/usr/local/Cellar/php55/5.5.11/include/php/TSRM -I/usr/local/Cellar/php55/5.5.11/include/php/Zend -I/usr/local/Cellar/php55/5.5.11/include/php/ext -I/usr/local/Cellar/php55/5.5.11/include/php/ext/date/lib conftest.c >&5
configure:4462: $? = 0
configure:4462: result: yes
configure:4501: checking whether HAVE_JSON is declared
configure:4501: cc -c -g -O2  -I/usr/local/Cellar/php55/5.5.11/include/php -I/usr/local/Cellar/php55/5.5.11/include/php/main -I/usr/local/Cellar/php55/5.5.11/include/php/TSRM -I/usr/local/Cellar/php55/5.5.11/include/php/Zend -I/usr/local/Cellar/php55/5.5.11/include/php/ext -I/usr/local/Cellar/php55/5.5.11/include/php/ext/date/lib conftest.c >&5
configure:4501: $? = 0
configure:4501: result: yes
configure:4508: checking for ext/json/php_json.h
configure:4508: cc -c -g -O2  -I/usr/local/Cellar/php55/5.5.11/include/php -I/usr/local/Cellar/php55/5.5.11/include/php/main -I/usr/local/Cellar/php55/5.5.11/include/php/TSRM -I/usr/local/Cellar/php55/5.5.11/include/php/Zend -I/usr/local/Cellar/php55/5.5.11/include/php/ext -I/usr/local/Cellar/php55/5.5.11/include/php/ext/date/lib conftest.c >&5
configure:4508: $? = 0
configure:4508: result: yes
configure:4643: checking for ld used by cc
configure:4710: result: /Applications/Xcode.app/Contents/Developer/Toolchains/XcodeDefault.xctoolchain/usr/bin/ld
configure:4717: checking if the linker (/Applications/Xcode.app/Contents/Developer/Toolchains/XcodeDefault.xctoolchain/usr/bin/ld) is GNU ld
configure:4732: result: no
configure:4737: checking for /Applications/Xcode.app/Contents/Developer/Toolchains/XcodeDefault.xctoolchain/usr/bin/ld option to reload object files
configure:4744: result: -r
configure:4762: checking for BSD-compatible nm
configure:4811: result: /usr/bin/nm
configure:4815: checking whether ln -s works
configure:4819: result: yes
configure:4826: checking how to recognize dependent libraries
configure:5012: result: pass_all
configure:5224: checking for ANSI C header files
configure:5244: cc -c -g -O2  conftest.c >&5
configure:5244: $? = 0
configure:5317: cc -o conftest -g -O2   conftest.c  >&5
configure:5317: $? = 0
configure:5317: ./conftest
configure:5317: $? = 0
configure:5328: result: yes
configure:5341: checking for sys/types.h
configure:5341: cc -c -g -O2  conftest.c >&5
configure:5341: $? = 0
configure:5341: result: yes
configure:5341: checking for sys/stat.h
configure:5341: cc -c -g -O2  conftest.c >&5
configure:5341: $? = 0
configure:5341: result: yes
configure:5341: checking for stdlib.h
configure:5341: cc -c -g -O2  conftest.c >&5
configure:5341: $? = 0
configure:5341: result: yes
configure:5341: checking for string.h
configure:5341: cc -c -g -O2  conftest.c >&5
configure:5341: $? = 0
configure:5341: result: yes
configure:5341: checking for memory.h
configure:5341: cc -c -g -O2  conftest.c >&5
configure:5341: $? = 0
configure:5341: result: yes
configure:5341: checking for strings.h
configure:5341: cc -c -g -O2  conftest.c >&5
configure:5341: $? = 0
configure:5341: result: yes
configure:5341: checking for inttypes.h
configure:5341: cc -c -g -O2  conftest.c >&5
configure:5341: $? = 0
configure:5341: result: yes
configure:5341: checking for stdint.h
configure:5341: cc -c -g -O2  conftest.c >&5
configure:5341: $? = 0
configure:5341: result: yes
configure:5341: checking for unistd.h
configure:5341: cc -c -g -O2  conftest.c >&5
configure:5341: $? = 0
configure:5341: result: yes
configure:5355: checking dlfcn.h usability
configure:5355: cc -c -g -O2  conftest.c >&5
configure:5355: $? = 0
configure:5355: result: yes
configure:5355: checking dlfcn.h presence
configure:5355: cc -E  conftest.c
configure:5355: $? = 0
configure:5355: result: yes
configure:5355: checking for dlfcn.h
configure:5355: result: yes
configure:5377: checking the maximum length of command line arguments
configure:5489: result: 196608
configure:5501: checking command to parse /usr/bin/nm output from cc object
configure:5606: cc -c -g -O2  conftest.c >&5
configure:5609: $? = 0
configure:5613: /usr/bin/nm conftest.o \| sed -n -e 's/^.*[ 	]\([BCDEGRST][BCDEGRST]*\)[ 	][ 	]*\([_A-Za-z][_A-Za-z0-9]*\)$/\1 \2 \2/p' \> conftest.nm
configure:5616: $? = 0
cannot find nm_test_var in conftest.nm
configure:5606: cc -c -g -O2  conftest.c >&5
configure:5609: $? = 0
configure:5613: /usr/bin/nm conftest.o \| sed -n -e 's/^.*[ 	]\([BCDEGRST][BCDEGRST]*\)[ 	][ 	]*_\([_A-Za-z][_A-Za-z0-9]*\)$/\1 _\2 \2/p' \> conftest.nm
configure:5616: $? = 0
configure:5668: cc -o conftest -g -O2   conftest.c conftstm.o >&5
configure:5671: $? = 0
configure:5709: result: ok
configure:5713: checking for objdir
configure:5728: result: .libs
configure:5820: checking for ar
configure:5836: found /usr/bin/ar
configure:5847: result: ar
configure:5912: checking for ranlib
configure:5928: found /usr/bin/ranlib
configure:5939: result: ranlib
configure:6004: checking for strip
configure:6020: found /usr/bin/strip
configure:6031: result: strip
configure:6284: checking for dsymutil
configure:6300: found /usr/bin/dsymutil
configure:6311: result: dsymutil
configure:6376: checking for nmedit
configure:6392: found /usr/bin/nmedit
configure:6403: result: nmedit
configure:6426: checking for -single_module linker flag
configure:6447: result: yes
configure:6449: checking for -exported_symbols_list linker flag
configure:6465: cc -o conftest -g -O2   -Wl,-exported_symbols_list,conftest.sym conftest.c  >&5
configure:6468: $? = 0
configure:6482: result: yes
configure:6600: checking if cc supports -fno-rtti -fno-exceptions
configure:6618: cc -c -g -O2  -fno-rtti -fno-exceptions conftest.c >&5
configure:6622: $? = 0
configure:6635: result: yes
configure:6650: checking for cc option to produce PIC
configure:6890: result: -fno-common
configure:6898: checking if cc PIC flag -fno-common works
configure:6916: cc -c -g -O2  -fno-common -DPIC conftest.c >&5
configure:6920: $? = 0
configure:6933: result: yes
configure:6961: checking if cc static flag -static works
configure:6989: result: no
configure:6999: checking if cc supports -c -o file.o
configure:7020: cc -c -g -O2  -o out/conftest2.o conftest.c >&5
configure:7024: $? = 0
configure:7046: result: yes
configure:7072: checking whether the cc linker (/Applications/Xcode.app/Contents/Developer/Toolchains/XcodeDefault.xctoolchain/usr/bin/ld) supports shared libraries
configure:8004: result: yes
configure:8071: checking dynamic linker characteristics
configure:8673: result: darwin13.2.0 dyld
configure:8697: checking how to hardcode library paths into programs
configure:8722: result: immediate
configure:8736: checking whether stripping libraries is possible
configure:8750: result: yes
configure:9258: checking if libtool supports shared libraries
configure:9260: result: yes
configure:9263: checking whether to build shared libraries
configure:9284: result: yes
configure:9287: checking whether to build static libraries
configure:9291: result: no
configure:9386: result:
creating libtool
configure:13089: creating ./config.status

## ---------------------- ##
## Running config.status. ##
## ---------------------- ##

This file was extended by config.status, which was
generated by GNU Autoconf 2.69.  Invocation command line was

  CONFIG_FILES    = 
  CONFIG_HEADERS  = 
  CONFIG_LINKS    = 
  CONFIG_COMMANDS = 
  $ ./config.status 

on macbook-pro

config.status:681: creating config.h
config.status:771: config.h is unchanged

## ---------------- ##
## Cache variables. ##
## ---------------- ##

ac_cv_build=x86_64-apple-darwin13.2.0
ac_cv_c_compiler_gnu=yes
ac_cv_env_CC_set=
ac_cv_env_CC_value=
ac_cv_env_CFLAGS_set=
ac_cv_env_CFLAGS_value=
ac_cv_env_CPPFLAGS_set=
ac_cv_env_CPPFLAGS_value=
ac_cv_env_CPP_set=
ac_cv_env_CPP_value=
ac_cv_env_LDFLAGS_set=
ac_cv_env_LDFLAGS_value=
ac_cv_env_LIBS_set=
ac_cv_env_LIBS_value=
ac_cv_env_build_alias_set=
ac_cv_env_build_alias_value=
ac_cv_env_host_alias_set=
ac_cv_env_host_alias_value=
ac_cv_env_target_alias_set=
ac_cv_env_target_alias_value=
ac_cv_have_decl_HAVE_BUNDLED_PCRE=yes
ac_cv_have_decl_HAVE_JSON=yes
ac_cv_header_dlfcn_h=yes
ac_cv_header_ext_json_php_json_h=yes
ac_cv_header_ext_pcre_php_pcre_h=yes
ac_cv_header_inttypes_h=yes
ac_cv_header_memory_h=yes
ac_cv_header_stdc=yes
ac_cv_header_stdint_h=yes
ac_cv_header_stdlib_h=yes
ac_cv_header_string_h=yes
ac_cv_header_strings_h=yes
ac_cv_header_sys_stat_h=yes
ac_cv_header_sys_types_h=yes
ac_cv_header_unistd_h=yes
ac_cv_host=x86_64-apple-darwin13.2.0
ac_cv_objext=o
ac_cv_path_EGREP='/usr/bin/grep -E'
ac_cv_path_GREP=/usr/bin/grep
ac_cv_prog_AWK=awk
ac_cv_prog_CPP='cc -E'
ac_cv_prog_RE2C=re2c
ac_cv_prog_ac_ct_AR=ar
ac_cv_prog_ac_ct_CC=cc
ac_cv_prog_ac_ct_DSYMUTIL=dsymutil
ac_cv_prog_ac_ct_NMEDIT=nmedit
ac_cv_prog_ac_ct_RANLIB=ranlib
ac_cv_prog_ac_ct_STRIP=strip
ac_cv_prog_cc_c89=
ac_cv_prog_cc_cc_c_o=yes
ac_cv_prog_cc_g=yes
ac_cv_target=x86_64-apple-darwin13.2.0
lt_cv_apple_cc_single_mod=yes
lt_cv_deplibs_check_method=pass_all
lt_cv_file_magic_cmd='$MAGIC_CMD'
lt_cv_file_magic_test_file=
lt_cv_ld_exported_symbols_list=yes
lt_cv_ld_reload_flag=-r
lt_cv_objdir=.libs
lt_cv_path_LD=/Applications/Xcode.app/Contents/Developer/Toolchains/XcodeDefault.xctoolchain/usr/bin/ld
lt_cv_path_NM=/usr/bin/nm
lt_cv_path_SED=/usr/bin/sed
lt_cv_prog_compiler_c_o=yes
lt_cv_prog_compiler_pic_works=yes
lt_cv_prog_compiler_rtti_exceptions=yes
lt_cv_prog_compiler_static_works=no
lt_cv_prog_gnu_ld=no
lt_cv_sys_global_symbol_pipe='sed -n -e '\''s/^.*[ 	]\([BCDEGRST][BCDEGRST]*\)[ 	][ 	]*_\([_A-Za-z][_A-Za-z0-9]*\)$/\1 _\2 \2/p'\'''
lt_cv_sys_global_symbol_to_c_name_address='sed -n -e '\''s/^: \([^ ]*\) $/  {\"\1\", (lt_ptr) 0},/p'\'' -e '\''s/^[BCDEGRST] \([^ ]*\) \([^ ]*\)$/  {"\2", (lt_ptr) \&\2},/p'\'''
lt_cv_sys_global_symbol_to_cdecl='sed -n -e '\''s/^. .* \(.*\)$/extern int \1;/p'\'''
lt_cv_sys_lib_dlsearch_path_spec='/usr/local/lib /lib /usr/lib'
lt_cv_sys_lib_search_path_spec='/Applications/Xcode.app/Contents/Developer/Toolchains/XcodeDefault.xctoolchain/usr/lib/clang/5.0 /usr/local/lib'
lt_cv_sys_max_cmd_len=196608
lt_lt_cv_prog_compiler_c_o='"yes"'
lt_lt_cv_sys_global_symbol_pipe='"sed -n -e '\''s/^.*[ 	]\\([BCDEGRST][BCDEGRST]*\\)[ 	][ 	]*_\\([_A-Za-z][_A-Za-z0-9]*\\)\$/\\1 _\\2 \\2/p'\''"'
lt_lt_cv_sys_global_symbol_to_c_name_address='"sed -n -e '\''s/^: \\([^ ]*\\) \$/  {\\\"\\1\\\", (lt_ptr) 0},/p'\'' -e '\''s/^[BCDEGRST] \\([^ ]*\\) \\([^ ]*\\)\$/  {\"\\2\", (lt_ptr) \\&\\2},/p'\''"'
lt_lt_cv_sys_global_symbol_to_cdecl='"sed -n -e '\''s/^. .* \\(.*\\)\$/extern int \\1;/p'\''"'
php_cv_cc_dashr=no
php_cv_cc_rpath=yes
php_cv_re2c_version='0.13.6 (ok)'

## ----------------- ##
## Output variables. ##
## ----------------- ##

AR='ar'
AWK='awk'
CC='cc'
CFLAGS='-g -O2'
CONFIGURE_COMMAND=' '\''./configure'\'' '
CONFIGURE_OPTIONS=''
CPP='cc -E'
CPPFLAGS=' -DHAVE_CONFIG_H'
DEFS='-DHAVE_CONFIG_H'
DSYMUTIL='dsymutil'
ECHO='/bin/echo'
ECHO_C='\c'
ECHO_N=''
ECHO_T=''
EGREP='/usr/bin/grep -E'
EXEEXT=''
GREP='/usr/bin/grep'
LDFLAGS=''
LIBOBJS=''
LIBS=''
LIBTOOL='$(SHELL) $(top_builddir)/libtool'
LN_S='ln -s'
LTLIBOBJS=''
NMEDIT='nmedit'
OBJEXT='o'
PACKAGE_BUGREPORT=''
PACKAGE_NAME=''
PACKAGE_STRING=''
PACKAGE_TARNAME=''
PACKAGE_URL=''
PACKAGE_VERSION=''
PATH_SEPARATOR=':'
RANLIB='ranlib'
RE2C='re2c'
SED='/usr/bin/sed'
SHELL='/bin/sh'
SHLIB_DL_SUFFIX_NAME='so'
SHLIB_SUFFIX_NAME='dylib'
STRIP='strip'
ac_ct_CC='cc'
bindir='${exec_prefix}/bin'
build='x86_64-apple-darwin13.2.0'
build_alias=''
build_cpu='x86_64'
build_os='darwin13.2.0'
build_vendor='apple'
datadir='${datarootdir}'
datarootdir='${prefix}/share'
docdir='${datarootdir}/doc/${PACKAGE}'
dvidir='${docdir}'
exec_prefix='$(prefix)'
host='x86_64-apple-darwin13.2.0'
host_alias='x86_64-apple-darwin13.2.0'
host_cpu='x86_64'
host_os='darwin13.2.0'
host_vendor='apple'
htmldir='${docdir}'
includedir='${prefix}/include'
infodir='${datarootdir}/info'
libdir='${exec_prefix}/lib'
libexecdir='${exec_prefix}/libexec'
localedir='${datarootdir}/locale'
localstatedir='${prefix}/var'
mandir='${datarootdir}/man'
oldincludedir='/usr/include'
pdfdir='${docdir}'
prefix='/usr/local/Cellar/php55/5.5.11'
program_transform_name='s,x,x,'
psdir='${docdir}'
sbindir='${exec_prefix}/sbin'
sharedstatedir='${prefix}/com'
sysconfdir='${prefix}/etc'
target='x86_64-apple-darwin13.2.0'
target_alias=''
target_cpu='x86_64'
target_os='darwin13.2.0'
target_vendor='apple'

## ----------- ##
## confdefs.h. ##
## ----------- ##

/* confdefs.h */
#define PACKAGE_NAME ""
#define PACKAGE_TARNAME ""
#define PACKAGE_VERSION ""
#define PACKAGE_STRING ""
#define PACKAGE_BUGREPORT ""
#define PACKAGE_URL ""
#define HAVE_OUCHBASE 1
#define COMPILE_DL_OUCHBASE 1
#define HAVE_EXT_PCRE_PHP_PCRE_H 1
#define ZEPHIR_USE_PHP_PCRE 1
#define HAVE_EXT_JSON_PHP_JSON_H 1
#define ZEPHIR_USE_PHP_JSON 1
#define STDC_HEADERS 1
#define HAVE_SYS_TYPES_H 1
#define HAVE_SYS_STAT_H 1
#define HAVE_STDLIB_H 1
#define HAVE_STRING_H 1
#define HAVE_MEMORY_H 1
#define HAVE_STRINGS_H 1
#define HAVE_INTTYPES_H 1
#define HAVE_STDINT_H 1
#define HAVE_UNISTD_H 1
#define HAVE_DLFCN_H 1

configure: exit 0
